<?xml version="1.0" encoding="UTF-8"?>
<!-- Generated by org.testng.reporters.JUnitXMLReporter -->
<testsuite ignored="0" hostname="Manasa" failures="1" tests="5" name="Surefire test" time="10.109" errors="0" timestamp="2025-07-24T21:00:51 CEST">
  <testcase classname="io.cucumber.testng.AbstractTestNGCucumberTests" name="runScenario" time="2.679"/>
  <testcase classname="io.cucumber.testng.AbstractTestNGCucumberTests" name="runScenario" time="2.15">
    <failure type="java.lang.AssertionError" message="Navigated to checkout without adding any items expected [true] but found [false]">
      <![CDATA[java.lang.AssertionError: Navigated to checkout without adding any items expected [true] but found [false]
at stepDefinitions.EndToEndSteps.userDoNotAddProductToCartAndPlaceOrder(EndToEndSteps.java:28)
at âœ½.User do not add product to cart and place order(file:///E:/Manasa/Interview/Selenium_Java_Automation/Exact_Automation_Assesment/src/test/resources/features/Testing.feature:18)
... Removed 3 stack frames]]>
    </failure>
  </testcase> <!-- runScenario -->
  <testcase classname="io.cucumber.testng.AbstractTestNGCucumberTests" name="runScenario" time="1.371"/>
  <testcase classname="io.cucumber.testng.AbstractTestNGCucumberTests" name="runScenario" time="1.529"/>
  <testcase classname="io.cucumber.testng.AbstractTestNGCucumberTests" name="runScenario" time="1.543"/>
</testsuite> <!-- Surefire test -->
