<?xml version="1.0" encoding="UTF-8"?>
<testng-results ignored="0" total="2" passed="1" failed="1" skipped="0">
  <reporter-output>
  </reporter-output>
  <suite started-at="2025-07-24T14:44:02 CEST" name="Surefire suite" finished-at="2025-07-24T14:44:11 CEST" duration-ms="9253">
    <groups>
      <group name="cucumber">
        <method signature="AbstractTestNGCucumberTests.runScenario(io.cucumber.testng.PickleWrapper,io.cucumber.testng.FeatureWrapper)[pri:0, instance:testRunners.TestRunner@1817d444]" name="runScenario" class="io.cucumber.testng.AbstractTestNGCucumberTests"/>
      </group> <!-- cucumber -->
    </groups>
    <test started-at="2025-07-24T14:44:02 CEST" name="Surefire test" finished-at="2025-07-24T14:44:11 CEST" duration-ms="9253">
      <class name="testRunners.TestRunner">
        <test-method is-config="true" signature="setUpClass(org.testng.ITestContext)[pri:0, instance:testRunners.TestRunner@1817d444]" started-at="2025-07-24T14:44:02 CEST" name="setUpClass" finished-at="2025-07-24T14:44:03 CEST" duration-ms="918" status="PASS">
          <params>
            <param index="0">
              <value>
                <![CDATA[org.testng.TestRunner@76ff68c5]]>
              </value>
            </param>
          </params>
          <reporter-output>
          </reporter-output>
        </test-method> <!-- setUpClass -->
        <test-method signature="runScenario(io.cucumber.testng.PickleWrapper,io.cucumber.testng.FeatureWrapper)[pri:0, instance:testRunners.TestRunner@1817d444]" started-at="2025-07-24T14:44:03 CEST" name="runScenario" description="Runs Cucumber Scenarios" data-provider="scenarios" finished-at="2025-07-24T14:44:08 CEST" duration-ms="4927" status="PASS">
          <params>
            <param index="0">
              <value>
                <![CDATA["Place an order with all valid details"]]>
              </value>
            </param>
            <param index="1">
              <value>
                <![CDATA["End to End Testing"]]>
              </value>
            </param>
          </params>
          <reporter-output>
          </reporter-output>
        </test-method> <!-- runScenario -->
        <test-method signature="runScenario(io.cucumber.testng.PickleWrapper,io.cucumber.testng.FeatureWrapper)[pri:0, instance:testRunners.TestRunner@1817d444]" started-at="2025-07-24T14:44:08 CEST" name="runScenario" description="Runs Cucumber Scenarios" data-provider="scenarios" finished-at="2025-07-24T14:44:11 CEST" duration-ms="2969" status="FAIL">
          <params>
            <param index="0">
              <value>
                <![CDATA["Place an order without adding product to cart"]]>
              </value>
            </param>
            <param index="1">
              <value>
                <![CDATA["End to End Testing"]]>
              </value>
            </param>
          </params>
          <exception class="java.lang.AssertionError">
            <message>
              <![CDATA[Navigated to checkout without adding any items expected [true] but found [false]]]>
            </message>
            <full-stacktrace>
              <![CDATA[java.lang.AssertionError: Navigated to checkout without adding any items expected [true] but found [false]
at org.testng.Assert.fail(Assert.java:111)
at org.testng.Assert.failNotEquals(Assert.java:1578)
at org.testng.Assert.assertTrue(Assert.java:57)
at stepDefinitions.LoginSteps.userDoNotAddProductToCartAndPlaceOrder(LoginSteps.java:87)
at âœ½.User do not add product to cart and place order(file:///E:/Manasa/Interview/Selenium_Java_Automation/Exact_Automation_Assesment/src/test/resources/features/Testing.feature:21)
]]>
            </full-stacktrace>
          </exception> <!-- java.lang.AssertionError -->
          <reporter-output>
          </reporter-output>
        </test-method> <!-- runScenario -->
        <test-method is-config="true" signature="tearDownClass()[pri:0, instance:testRunners.TestRunner@1817d444]" started-at="2025-07-24T14:44:11 CEST" name="tearDownClass" finished-at="2025-07-24T14:44:11 CEST" duration-ms="371" status="PASS">
          <reporter-output>
          </reporter-output>
        </test-method> <!-- tearDownClass -->
      </class> <!-- testRunners.TestRunner -->
    </test> <!-- Surefire test -->
  </suite> <!-- Surefire suite -->
</testng-results>
