-------------------------------------------------------------------------------
Test set: testRunners.TestRunner
-------------------------------------------------------------------------------
Tests run: 5, Failures: 1, Errors: 0, Skipped: 0, Time elapsed: 10.50 s <<< FAILURE! -- in testRunners.TestRunner
testRunners.TestRunner.runScenario["Place an order without adding product to cart", "End to End Testing"](2) -- Time elapsed: 2.211 s <<< FAILURE!
java.lang.AssertionError: Navigated to checkout without adding any items expected [true] but found [false]
	at org.testng.Assert.fail(Assert.java:111)
	at org.testng.Assert.failNotEquals(Assert.java:1578)
	at org.testng.Assert.assertTrue(Assert.java:57)
	at stepDefinitions.EndToEndSteps.userDoNotAddProductToCartAndPlaceOrder(EndToEndSteps.java:28)
	at âœ½.User do not add product to cart and place order(file:///E:/Manasa/Interview/Selenium_Java_Automation/Exact_Automation_Assesment/src/test/resources/features/Testing.feature:18)

